<?xml version="1.0" encoding="UTF-8" ?>
<testsuite errors="0" failures="0" hostname="Daniel-Acer" name="org.seethrough.glass.CredentialStoreTests" tests="2" time="0.393" timestamp="2013-07-11T21:27:29">
  <properties />
  <testcase classname="org.seethrough.glass.CredentialStoreTests" name="testSaveCredentials" time="0.365" />
  <testcase classname="org.seethrough.glass.CredentialStoreTests" name="testUpdateCredentials" time="0.018" />
  <system-out><![CDATA[--Output from testSaveCredentials--
--Output from testUpdateCredentials--
]]></system-out>
  <system-err><![CDATA[--Output from testSaveCredentials--
--Output from testUpdateCredentials--
]]></system-err>
</testsuite>
